application startedINFO: application started
INFO: application started
INFO: application started
[INFO]: application started
[INFO]: application started
2026-07-05 03:38:34: [INFO]: Application Started
2026-07-05 04:10:01: [INFO]: Application Started
2026-07-05 15:35:17: [INFO]: Application Started
2026-07-05 17:03:26: [INFO]: Application Started
2026-07-05 17:07:48: [INFO]: Application Started
2026-07-05 20:43:10: [INFO]: Application Started
2026-07-06 01:00:14: [INFO]: Application Started
2026-07-06 01:00:27: [INFO]: Application Started
2026-07-06 01:00:58: [INFO]: Application Started
2026-07-06 01:01:14: [INFO]: Application Started
2026-07-06 01:02:14: [INFO]: Application Started
2026-07-06 01:02:23: [INFO]: Application Started
2026-07-06 01:06:23: [INFO]: Application Started
2026-07-06 17:11:11: [FATAL]: Application Started
2026-07-14 23:48:29: [FATAL]: Application Started
2026-07-15 23:20:22: [FATAL]: Application Started
2026-07-22 02:41:42: [FATAL]: Application Started
2026-07-22 03:04:51: [FATAL]: Application Started
